[29-Dec-2024 16:21:21 America/Lima] PHP Fatal error:  Uncaught ArgumentCountError: Too few arguments to function Libs\Session::__construct(), 0 passed in C:\xampp\htdocs\ProyectoPHP\controllers\login.php on line 13 and exactly 1 expected in C:\xampp\htdocs\ProyectoPHP\libs\session.php:17
Stack trace:
#0 C:\xampp\htdocs\ProyectoPHP\controllers\login.php(13): Libs\Session->__construct()
#1 C:\xampp\htdocs\ProyectoPHP\libs\app.php(26): Controllers\Login->__construct()
#2 C:\xampp\htdocs\ProyectoPHP\index.php(24): App->__construct()
#3 {main}
  thrown in C:\xampp\htdocs\ProyectoPHP\libs\session.php on line 17
[29-Dec-2024 16:21:25 America/Lima] PHP Fatal error:  Uncaught ArgumentCountError: Too few arguments to function Libs\Session::__construct(), 0 passed in C:\xampp\htdocs\ProyectoPHP\controllers\login.php on line 13 and exactly 1 expected in C:\xampp\htdocs\ProyectoPHP\libs\session.php:17
Stack trace:
#0 C:\xampp\htdocs\ProyectoPHP\controllers\login.php(13): Libs\Session->__construct()
#1 C:\xampp\htdocs\ProyectoPHP\libs\app.php(26): Controllers\Login->__construct()
#2 C:\xampp\htdocs\ProyectoPHP\index.php(24): App->__construct()
#3 {main}
  thrown in C:\xampp\htdocs\ProyectoPHP\libs\session.php on line 17
[29-Dec-2024 16:21:27 America/Lima] PHP Fatal error:  Uncaught ArgumentCountError: Too few arguments to function Libs\Session::__construct(), 0 passed in C:\xampp\htdocs\ProyectoPHP\controllers\login.php on line 13 and exactly 1 expected in C:\xampp\htdocs\ProyectoPHP\libs\session.php:17
Stack trace:
#0 C:\xampp\htdocs\ProyectoPHP\controllers\login.php(13): Libs\Session->__construct()
#1 C:\xampp\htdocs\ProyectoPHP\libs\app.php(26): Controllers\Login->__construct()
#2 C:\xampp\htdocs\ProyectoPHP\index.php(24): App->__construct()
#3 {main}
  thrown in C:\xampp\htdocs\ProyectoPHP\libs\session.php on line 17
[29-Dec-2024 16:21:32 America/Lima] PHP Fatal error:  Uncaught ArgumentCountError: Too few arguments to function Libs\Session::__construct(), 0 passed in C:\xampp\htdocs\ProyectoPHP\controllers\login.php on line 13 and exactly 1 expected in C:\xampp\htdocs\ProyectoPHP\libs\session.php:17
Stack trace:
#0 C:\xampp\htdocs\ProyectoPHP\controllers\login.php(13): Libs\Session->__construct()
#1 C:\xampp\htdocs\ProyectoPHP\libs\app.php(16): Controllers\Login->__construct()
#2 C:\xampp\htdocs\ProyectoPHP\index.php(24): App->__construct()
#3 {main}
  thrown in C:\xampp\htdocs\ProyectoPHP\libs\session.php on line 17
[29-Dec-2024 16:21:35 America/Lima] PHP Fatal error:  Uncaught ArgumentCountError: Too few arguments to function Libs\Session::__construct(), 0 passed in C:\xampp\htdocs\ProyectoPHP\controllers\login.php on line 13 and exactly 1 expected in C:\xampp\htdocs\ProyectoPHP\libs\session.php:17
Stack trace:
#0 C:\xampp\htdocs\ProyectoPHP\controllers\login.php(13): Libs\Session->__construct()
#1 C:\xampp\htdocs\ProyectoPHP\libs\app.php(16): Controllers\Login->__construct()
#2 C:\xampp\htdocs\ProyectoPHP\index.php(24): App->__construct()
#3 {main}
  thrown in C:\xampp\htdocs\ProyectoPHP\libs\session.php on line 17
[29-Dec-2024 16:23:01 America/Lima] PHP Fatal error:  Uncaught ArgumentCountError: Too few arguments to function Controllers\Login::__construct(), 0 passed in C:\xampp\htdocs\ProyectoPHP\libs\app.php on line 16 and exactly 1 expected in C:\xampp\htdocs\ProyectoPHP\controllers\login.php:11
Stack trace:
#0 C:\xampp\htdocs\ProyectoPHP\libs\app.php(16): Controllers\Login->__construct()
#1 C:\xampp\htdocs\ProyectoPHP\index.php(24): App->__construct()
#2 {main}
  thrown in C:\xampp\htdocs\ProyectoPHP\controllers\login.php on line 11
[29-Dec-2024 16:23:04 America/Lima] PHP Fatal error:  Uncaught ArgumentCountError: Too few arguments to function Controllers\Login::__construct(), 0 passed in C:\xampp\htdocs\ProyectoPHP\libs\app.php on line 26 and exactly 1 expected in C:\xampp\htdocs\ProyectoPHP\controllers\login.php:11
Stack trace:
#0 C:\xampp\htdocs\ProyectoPHP\libs\app.php(26): Controllers\Login->__construct()
#1 C:\xampp\htdocs\ProyectoPHP\index.php(24): App->__construct()
#2 {main}
  thrown in C:\xampp\htdocs\ProyectoPHP\controllers\login.php on line 11
[29-Dec-2024 16:23:19 America/Lima] PHP Fatal error:  Uncaught ArgumentCountError: Too few arguments to function Controllers\Login::__construct(), 0 passed in C:\xampp\htdocs\ProyectoPHP\libs\app.php on line 16 and exactly 1 expected in C:\xampp\htdocs\ProyectoPHP\controllers\login.php:11
Stack trace:
#0 C:\xampp\htdocs\ProyectoPHP\libs\app.php(16): Controllers\Login->__construct()
#1 C:\xampp\htdocs\ProyectoPHP\index.php(24): App->__construct()
#2 {main}
  thrown in C:\xampp\htdocs\ProyectoPHP\controllers\login.php on line 11
[29-Dec-2024 18:11:57 America/Lima] PHP Warning:  Undefined array key "userId" in C:\xampp\htdocs\ProyectoPHP\libs\session.php on line 31
[29-Dec-2024 18:11:57 America/Lima] PHP Warning:  Undefined array key "userTypr" in C:\xampp\htdocs\ProyectoPHP\libs\session.php on line 32
[29-Dec-2024 18:11:57 America/Lima] PHP Warning:  Undefined array key "userName" in C:\xampp\htdocs\ProyectoPHP\libs\session.php on line 33
[29-Dec-2024 18:18:23 America/Lima] PHP Warning:  Undefined array key "userId" in C:\xampp\htdocs\ProyectoPHP\libs\session.php on line 31
[29-Dec-2024 18:18:23 America/Lima] PHP Warning:  Undefined array key "userTypr" in C:\xampp\htdocs\ProyectoPHP\libs\session.php on line 32
[29-Dec-2024 18:18:23 America/Lima] PHP Warning:  Undefined array key "userName" in C:\xampp\htdocs\ProyectoPHP\libs\session.php on line 33
[29-Dec-2024 18:19:12 America/Lima] PHP Warning:  Undefined array key "userId" in C:\xampp\htdocs\ProyectoPHP\libs\session.php on line 31
[29-Dec-2024 18:19:12 America/Lima] PHP Warning:  Undefined array key "userTypr" in C:\xampp\htdocs\ProyectoPHP\libs\session.php on line 32
[29-Dec-2024 18:19:12 America/Lima] PHP Warning:  Undefined array key "userName" in C:\xampp\htdocs\ProyectoPHP\libs\session.php on line 33
[29-Dec-2024 18:20:46 America/Lima] PHP Warning:  Undefined array key "userId" in C:\xampp\htdocs\ProyectoPHP\libs\session.php on line 31
[29-Dec-2024 18:20:46 America/Lima] PHP Warning:  Undefined array key "userTypr" in C:\xampp\htdocs\ProyectoPHP\libs\session.php on line 32
[29-Dec-2024 18:20:46 America/Lima] PHP Warning:  Undefined array key "userName" in C:\xampp\htdocs\ProyectoPHP\libs\session.php on line 33
[29-Dec-2024 18:20:48 America/Lima] PHP Warning:  Undefined array key "userId" in C:\xampp\htdocs\ProyectoPHP\libs\session.php on line 31
[29-Dec-2024 18:20:48 America/Lima] PHP Warning:  Undefined array key "userTypr" in C:\xampp\htdocs\ProyectoPHP\libs\session.php on line 32
[29-Dec-2024 18:20:48 America/Lima] PHP Warning:  Undefined array key "userName" in C:\xampp\htdocs\ProyectoPHP\libs\session.php on line 33
[29-Dec-2024 18:20:54 America/Lima] PHP Warning:  Undefined array key "userId" in C:\xampp\htdocs\ProyectoPHP\libs\session.php on line 31
[29-Dec-2024 18:20:54 America/Lima] PHP Warning:  Undefined array key "userTypr" in C:\xampp\htdocs\ProyectoPHP\libs\session.php on line 32
[29-Dec-2024 18:20:54 America/Lima] PHP Warning:  Undefined array key "userName" in C:\xampp\htdocs\ProyectoPHP\libs\session.php on line 33
[29-Dec-2024 18:21:02 America/Lima] PHP Warning:  Undefined array key "userId" in C:\xampp\htdocs\ProyectoPHP\libs\session.php on line 31
[29-Dec-2024 18:21:02 America/Lima] PHP Warning:  Undefined array key "userTypr" in C:\xampp\htdocs\ProyectoPHP\libs\session.php on line 32
[29-Dec-2024 18:21:02 America/Lima] PHP Warning:  Undefined array key "userName" in C:\xampp\htdocs\ProyectoPHP\libs\session.php on line 33
[29-Dec-2024 18:21:14 America/Lima] PHP Warning:  Undefined array key "userId" in C:\xampp\htdocs\ProyectoPHP\libs\session.php on line 31
[29-Dec-2024 18:21:14 America/Lima] PHP Warning:  Undefined array key "userTypr" in C:\xampp\htdocs\ProyectoPHP\libs\session.php on line 32
[29-Dec-2024 18:21:14 America/Lima] PHP Warning:  Undefined array key "userName" in C:\xampp\htdocs\ProyectoPHP\libs\session.php on line 33
[29-Dec-2024 18:21:16 America/Lima] PHP Warning:  Undefined array key "userId" in C:\xampp\htdocs\ProyectoPHP\libs\session.php on line 31
[29-Dec-2024 18:21:16 America/Lima] PHP Warning:  Undefined array key "userTypr" in C:\xampp\htdocs\ProyectoPHP\libs\session.php on line 32
[29-Dec-2024 18:21:16 America/Lima] PHP Warning:  Undefined array key "userName" in C:\xampp\htdocs\ProyectoPHP\libs\session.php on line 33
[29-Dec-2024 18:21:17 America/Lima] PHP Warning:  Undefined array key "userId" in C:\xampp\htdocs\ProyectoPHP\libs\session.php on line 31
[29-Dec-2024 18:21:17 America/Lima] PHP Warning:  Undefined array key "userTypr" in C:\xampp\htdocs\ProyectoPHP\libs\session.php on line 32
[29-Dec-2024 18:21:17 America/Lima] PHP Warning:  Undefined array key "userName" in C:\xampp\htdocs\ProyectoPHP\libs\session.php on line 33
[29-Dec-2024 18:21:18 America/Lima] PHP Warning:  Undefined array key "userId" in C:\xampp\htdocs\ProyectoPHP\libs\session.php on line 31
[29-Dec-2024 18:21:18 America/Lima] PHP Warning:  Undefined array key "userTypr" in C:\xampp\htdocs\ProyectoPHP\libs\session.php on line 32
[29-Dec-2024 18:21:18 America/Lima] PHP Warning:  Undefined array key "userName" in C:\xampp\htdocs\ProyectoPHP\libs\session.php on line 33
[29-Dec-2024 18:22:23 America/Lima] PHP Warning:  Undefined array key "userId" in C:\xampp\htdocs\ProyectoPHP\libs\session.php on line 31
[29-Dec-2024 18:22:23 America/Lima] PHP Warning:  Undefined array key "userTypr" in C:\xampp\htdocs\ProyectoPHP\libs\session.php on line 32
[29-Dec-2024 18:22:23 America/Lima] PHP Warning:  Undefined array key "userName" in C:\xampp\htdocs\ProyectoPHP\libs\session.php on line 33
[29-Dec-2024 18:22:26 America/Lima] PHP Warning:  Undefined array key "userId" in C:\xampp\htdocs\ProyectoPHP\libs\session.php on line 31
[29-Dec-2024 18:22:26 America/Lima] PHP Warning:  Undefined array key "userTypr" in C:\xampp\htdocs\ProyectoPHP\libs\session.php on line 32
[29-Dec-2024 18:22:26 America/Lima] PHP Warning:  Undefined array key "userName" in C:\xampp\htdocs\ProyectoPHP\libs\session.php on line 33
[29-Dec-2024 18:22:29 America/Lima] PHP Warning:  Undefined array key "userId" in C:\xampp\htdocs\ProyectoPHP\libs\session.php on line 31
[29-Dec-2024 18:22:29 America/Lima] PHP Warning:  Undefined array key "userTypr" in C:\xampp\htdocs\ProyectoPHP\libs\session.php on line 32
[29-Dec-2024 18:22:29 America/Lima] PHP Warning:  Undefined array key "userName" in C:\xampp\htdocs\ProyectoPHP\libs\session.php on line 33
[29-Dec-2024 18:22:32 America/Lima] PHP Warning:  Undefined array key "userId" in C:\xampp\htdocs\ProyectoPHP\libs\session.php on line 31
[29-Dec-2024 18:22:32 America/Lima] PHP Warning:  Undefined array key "userTypr" in C:\xampp\htdocs\ProyectoPHP\libs\session.php on line 32
[29-Dec-2024 18:22:32 America/Lima] PHP Warning:  Undefined array key "userName" in C:\xampp\htdocs\ProyectoPHP\libs\session.php on line 33
[01-Jan-2025 21:31:12 America/Lima] PHP Warning:  Undefined array key "userId" in C:\xampp\htdocs\ProyectoPHP\libs\session.php on line 31
[01-Jan-2025 21:31:12 America/Lima] PHP Warning:  Undefined array key "userTypr" in C:\xampp\htdocs\ProyectoPHP\libs\session.php on line 32
[01-Jan-2025 21:31:12 America/Lima] PHP Warning:  Undefined array key "userName" in C:\xampp\htdocs\ProyectoPHP\libs\session.php on line 33
[01-Jan-2025 21:32:41 America/Lima] PHP Warning:  Undefined array key "userId" in C:\xampp\htdocs\ProyectoPHP\libs\session.php on line 31
[01-Jan-2025 21:32:41 America/Lima] PHP Warning:  Undefined array key "userTypr" in C:\xampp\htdocs\ProyectoPHP\libs\session.php on line 32
[01-Jan-2025 21:32:41 America/Lima] PHP Warning:  Undefined array key "userName" in C:\xampp\htdocs\ProyectoPHP\libs\session.php on line 33
[01-Jan-2025 21:32:45 America/Lima] PHP Warning:  Undefined array key "userId" in C:\xampp\htdocs\ProyectoPHP\libs\session.php on line 31
[01-Jan-2025 21:32:45 America/Lima] PHP Warning:  Undefined array key "userTypr" in C:\xampp\htdocs\ProyectoPHP\libs\session.php on line 32
[01-Jan-2025 21:32:45 America/Lima] PHP Warning:  Undefined array key "userName" in C:\xampp\htdocs\ProyectoPHP\libs\session.php on line 33
[01-Jan-2025 21:32:45 America/Lima] PHP Warning:  Undefined array key "userTypr" in C:\xampp\htdocs\ProyectoPHP\libs\session.php on line 32
[01-Jan-2025 21:37:09 America/Lima] PHP Warning:  Undefined array key "userTypr" in C:\xampp\htdocs\ProyectoPHP\libs\session.php on line 32
[01-Jan-2025 21:37:19 America/Lima] PHP Warning:  Undefined array key "userTypr" in C:\xampp\htdocs\ProyectoPHP\libs\session.php on line 32
[01-Jan-2025 21:37:19 America/Lima] PHP Warning:  Undefined array key "userId" in C:\xampp\htdocs\ProyectoPHP\libs\session.php on line 31
[01-Jan-2025 21:37:19 America/Lima] PHP Warning:  Undefined array key "userTypr" in C:\xampp\htdocs\ProyectoPHP\libs\session.php on line 32
[01-Jan-2025 21:37:19 America/Lima] PHP Warning:  Undefined array key "userName" in C:\xampp\htdocs\ProyectoPHP\libs\session.php on line 33
